<?xml version="1.0" encoding="UTF-8"?>
<!-- Generated by org.testng.reporters.JUnitXMLReporter -->
<testsuite hostname="PALANIMOHANs-MacBook-Air.local" ignored="0" name="Default test" tests="8" failures="0" timestamp="2021-01-12T22:04:37 IST" time="0.178" errors="0">
  <testcase name="@BeforeMethod start" time="-1.610469276863E9" classname="seleniumBootCampTestNG.S20_45_CreateRefund">
    <failure type="org.testng.TestNGException" message="
Parameter &amp;apos;browser&amp;apos; is required by BeforeMethod on method start but has not been marked @Optional or defined
in /private/var/folders/07/qzbzvc9x6wvbsvng0kq4lvzr0000gn/T/testng-eclipse--702724328/testng-customsuite.xml">
      <![CDATA[org.testng.TestNGException: 
Parameter 'browser' is required by BeforeMethod on method start but has not been marked @Optional or defined
in /private/var/folders/07/qzbzvc9x6wvbsvng0kq4lvzr0000gn/T/testng-eclipse--702724328/testng-customsuite.xml
at org.testng.internal.Parameters.createParams(Parameters.java:268)
at org.testng.internal.Parameters.createParametersForMethod(Parameters.java:356)
at org.testng.internal.Parameters.createParameters(Parameters.java:700)
at org.testng.internal.Parameters.createConfigurationParameters(Parameters.java:166)
at org.testng.internal.ConfigInvoker.invokeConfigurations(ConfigInvoker.java:301)
at org.testng.internal.TestInvoker.runConfigMethods(TestInvoker.java:701)
at org.testng.internal.TestInvoker.invokeMethod(TestInvoker.java:527)
at org.testng.internal.TestInvoker.invokeTestMethod(TestInvoker.java:174)
at org.testng.internal.MethodRunner.runInSequence(MethodRunner.java:46)
at org.testng.internal.TestInvoker$MethodInvocationAgent.invoke(TestInvoker.java:822)
at org.testng.internal.TestInvoker.invokeTestMethods(TestInvoker.java:147)
at org.testng.internal.TestMethodWorker.invokeTestMethods(TestMethodWorker.java:146)
at org.testng.internal.TestMethodWorker.run(TestMethodWorker.java:128)
at java.util.ArrayList.forEach(ArrayList.java:1259)
at org.testng.TestRunner.privateRun(TestRunner.java:764)
at org.testng.TestRunner.run(TestRunner.java:585)
at org.testng.SuiteRunner.runTest(SuiteRunner.java:384)
at org.testng.SuiteRunner.runSequentially(SuiteRunner.java:378)
at org.testng.SuiteRunner.privateRun(SuiteRunner.java:337)
at org.testng.SuiteRunner.run(SuiteRunner.java:286)
at org.testng.SuiteRunnerWorker.runSuite(SuiteRunnerWorker.java:53)
at org.testng.SuiteRunnerWorker.run(SuiteRunnerWorker.java:96)
at org.testng.TestNG.runSuitesSequentially(TestNG.java:1218)
at org.testng.TestNG.runSuitesLocally(TestNG.java:1140)
at org.testng.TestNG.runSuites(TestNG.java:1069)
at org.testng.TestNG.run(TestNG.java:1037)
at org.testng.remote.AbstractRemoteTestNG.run(AbstractRemoteTestNG.java:115)
at org.testng.remote.RemoteTestNG.initAndRun(RemoteTestNG.java:251)
at org.testng.remote.RemoteTestNG.main(RemoteTestNG.java:77)
]]>
    </failure>
  </testcase> <!-- @BeforeMethod start -->
  <testcase name="@AfterMethod finish" time="-1.61046927688E9" classname="seleniumBootCampTestNG.S20_45_CreateRefund">
    <skipped/>
  </testcase> <!-- @AfterMethod finish -->
  <testcase name="@AfterClass afterclass" time="-1.610469276885E9" classname="seleniumBootCampTestNG.S20_45_CreateRefund">
    <skipped/>
  </testcase> <!-- @AfterClass afterclass -->
  <testcase name="@BeforeMethod start" time="-1.61046927689E9" classname="seleniumBootCampTestNG.S20_11_BoardExamSchedule">
    <failure type="org.testng.TestNGException" message="
Parameter &amp;apos;browser&amp;apos; is required by BeforeMethod on method start but has not been marked @Optional or defined
in /private/var/folders/07/qzbzvc9x6wvbsvng0kq4lvzr0000gn/T/testng-eclipse--702724328/testng-customsuite.xml">
      <![CDATA[org.testng.TestNGException: 
Parameter 'browser' is required by BeforeMethod on method start but has not been marked @Optional or defined
in /private/var/folders/07/qzbzvc9x6wvbsvng0kq4lvzr0000gn/T/testng-eclipse--702724328/testng-customsuite.xml
at org.testng.internal.Parameters.createParams(Parameters.java:268)
at org.testng.internal.Parameters.createParametersForMethod(Parameters.java:356)
at org.testng.internal.Parameters.createParameters(Parameters.java:700)
at org.testng.internal.Parameters.createConfigurationParameters(Parameters.java:166)
at org.testng.internal.ConfigInvoker.invokeConfigurations(ConfigInvoker.java:301)
at org.testng.internal.TestInvoker.runConfigMethods(TestInvoker.java:701)
at org.testng.internal.TestInvoker.invokeMethod(TestInvoker.java:527)
at org.testng.internal.TestInvoker.invokeTestMethod(TestInvoker.java:174)
at org.testng.internal.MethodRunner.runInSequence(MethodRunner.java:46)
at org.testng.internal.TestInvoker$MethodInvocationAgent.invoke(TestInvoker.java:822)
at org.testng.internal.TestInvoker.invokeTestMethods(TestInvoker.java:147)
at org.testng.internal.TestMethodWorker.invokeTestMethods(TestMethodWorker.java:146)
at org.testng.internal.TestMethodWorker.run(TestMethodWorker.java:128)
at java.util.ArrayList.forEach(ArrayList.java:1259)
at org.testng.TestRunner.privateRun(TestRunner.java:764)
at org.testng.TestRunner.run(TestRunner.java:585)
at org.testng.SuiteRunner.runTest(SuiteRunner.java:384)
at org.testng.SuiteRunner.runSequentially(SuiteRunner.java:378)
at org.testng.SuiteRunner.privateRun(SuiteRunner.java:337)
at org.testng.SuiteRunner.run(SuiteRunner.java:286)
at org.testng.SuiteRunnerWorker.runSuite(SuiteRunnerWorker.java:53)
at org.testng.SuiteRunnerWorker.run(SuiteRunnerWorker.java:96)
at org.testng.TestNG.runSuitesSequentially(TestNG.java:1218)
at org.testng.TestNG.runSuitesLocally(TestNG.java:1140)
at org.testng.TestNG.runSuites(TestNG.java:1069)
at org.testng.TestNG.run(TestNG.java:1037)
at org.testng.remote.AbstractRemoteTestNG.run(AbstractRemoteTestNG.java:115)
at org.testng.remote.RemoteTestNG.initAndRun(RemoteTestNG.java:251)
at org.testng.remote.RemoteTestNG.main(RemoteTestNG.java:77)
]]>
    </failure>
  </testcase> <!-- @BeforeMethod start -->
  <testcase name="@AfterMethod finish" time="-1.610469276898E9" classname="seleniumBootCampTestNG.S20_11_BoardExamSchedule">
    <skipped/>
  </testcase> <!-- @AfterMethod finish -->
  <testcase name="@AfterClass afterclass" time="-1.610469276903E9" classname="seleniumBootCampTestNG.S20_11_BoardExamSchedule">
    <skipped/>
  </testcase> <!-- @AfterClass afterclass -->
  <testcase name="@BeforeMethod start" time="-1.61046927691E9" classname="seleniumBootCampTestNG.S20_29_CreateTask">
    <failure type="org.testng.TestNGException" message="
Parameter &amp;apos;browser&amp;apos; is required by BeforeMethod on method start but has not been marked @Optional or defined
in /private/var/folders/07/qzbzvc9x6wvbsvng0kq4lvzr0000gn/T/testng-eclipse--702724328/testng-customsuite.xml">
      <![CDATA[org.testng.TestNGException: 
Parameter 'browser' is required by BeforeMethod on method start but has not been marked @Optional or defined
in /private/var/folders/07/qzbzvc9x6wvbsvng0kq4lvzr0000gn/T/testng-eclipse--702724328/testng-customsuite.xml
at org.testng.internal.Parameters.createParams(Parameters.java:268)
at org.testng.internal.Parameters.createParametersForMethod(Parameters.java:356)
at org.testng.internal.Parameters.createParameters(Parameters.java:700)
at org.testng.internal.Parameters.createConfigurationParameters(Parameters.java:166)
at org.testng.internal.ConfigInvoker.invokeConfigurations(ConfigInvoker.java:301)
at org.testng.internal.TestInvoker.runConfigMethods(TestInvoker.java:701)
at org.testng.internal.TestInvoker.invokeMethod(TestInvoker.java:527)
at org.testng.internal.TestInvoker.invokeTestMethod(TestInvoker.java:174)
at org.testng.internal.MethodRunner.runInSequence(MethodRunner.java:46)
at org.testng.internal.TestInvoker$MethodInvocationAgent.invoke(TestInvoker.java:822)
at org.testng.internal.TestInvoker.invokeTestMethods(TestInvoker.java:147)
at org.testng.internal.TestMethodWorker.invokeTestMethods(TestMethodWorker.java:146)
at org.testng.internal.TestMethodWorker.run(TestMethodWorker.java:128)
at java.util.ArrayList.forEach(ArrayList.java:1259)
at org.testng.TestRunner.privateRun(TestRunner.java:764)
at org.testng.TestRunner.run(TestRunner.java:585)
at org.testng.SuiteRunner.runTest(SuiteRunner.java:384)
at org.testng.SuiteRunner.runSequentially(SuiteRunner.java:378)
at org.testng.SuiteRunner.privateRun(SuiteRunner.java:337)
at org.testng.SuiteRunner.run(SuiteRunner.java:286)
at org.testng.SuiteRunnerWorker.runSuite(SuiteRunnerWorker.java:53)
at org.testng.SuiteRunnerWorker.run(SuiteRunnerWorker.java:96)
at org.testng.TestNG.runSuitesSequentially(TestNG.java:1218)
at org.testng.TestNG.runSuitesLocally(TestNG.java:1140)
at org.testng.TestNG.runSuites(TestNG.java:1069)
at org.testng.TestNG.run(TestNG.java:1037)
at org.testng.remote.AbstractRemoteTestNG.run(AbstractRemoteTestNG.java:115)
at org.testng.remote.RemoteTestNG.initAndRun(RemoteTestNG.java:251)
at org.testng.remote.RemoteTestNG.main(RemoteTestNG.java:77)
]]>
    </failure>
  </testcase> <!-- @BeforeMethod start -->
  <testcase name="@AfterMethod finish" time="-1.610469276935E9" classname="seleniumBootCampTestNG.S20_29_CreateTask">
    <skipped/>
  </testcase> <!-- @AfterMethod finish -->
  <testcase name="@AfterClass afterclass" time="-1.610469276937E9" classname="seleniumBootCampTestNG.S20_29_CreateTask">
    <skipped/>
  </testcase> <!-- @AfterClass afterclass -->
  <testcase name="@BeforeMethod start" time="-1.610469276945E9" classname="seleniumBootCampTestNG.S20_32_CreateChartWOMandatroy">
    <failure type="org.testng.TestNGException" message="
Parameter &amp;apos;browser&amp;apos; is required by BeforeMethod on method start but has not been marked @Optional or defined
in /private/var/folders/07/qzbzvc9x6wvbsvng0kq4lvzr0000gn/T/testng-eclipse--702724328/testng-customsuite.xml">
      <![CDATA[org.testng.TestNGException: 
Parameter 'browser' is required by BeforeMethod on method start but has not been marked @Optional or defined
in /private/var/folders/07/qzbzvc9x6wvbsvng0kq4lvzr0000gn/T/testng-eclipse--702724328/testng-customsuite.xml
at org.testng.internal.Parameters.createParams(Parameters.java:268)
at org.testng.internal.Parameters.createParametersForMethod(Parameters.java:356)
at org.testng.internal.Parameters.createParameters(Parameters.java:700)
at org.testng.internal.Parameters.createConfigurationParameters(Parameters.java:166)
at org.testng.internal.ConfigInvoker.invokeConfigurations(ConfigInvoker.java:301)
at org.testng.internal.TestInvoker.runConfigMethods(TestInvoker.java:701)
at org.testng.internal.TestInvoker.invokeMethod(TestInvoker.java:527)
at org.testng.internal.TestInvoker.invokeTestMethod(TestInvoker.java:174)
at org.testng.internal.MethodRunner.runInSequence(MethodRunner.java:46)
at org.testng.internal.TestInvoker$MethodInvocationAgent.invoke(TestInvoker.java:822)
at org.testng.internal.TestInvoker.invokeTestMethods(TestInvoker.java:147)
at org.testng.internal.TestMethodWorker.invokeTestMethods(TestMethodWorker.java:146)
at org.testng.internal.TestMethodWorker.run(TestMethodWorker.java:128)
at java.util.ArrayList.forEach(ArrayList.java:1259)
at org.testng.TestRunner.privateRun(TestRunner.java:764)
at org.testng.TestRunner.run(TestRunner.java:585)
at org.testng.SuiteRunner.runTest(SuiteRunner.java:384)
at org.testng.SuiteRunner.runSequentially(SuiteRunner.java:378)
at org.testng.SuiteRunner.privateRun(SuiteRunner.java:337)
at org.testng.SuiteRunner.run(SuiteRunner.java:286)
at org.testng.SuiteRunnerWorker.runSuite(SuiteRunnerWorker.java:53)
at org.testng.SuiteRunnerWorker.run(SuiteRunnerWorker.java:96)
at org.testng.TestNG.runSuitesSequentially(TestNG.java:1218)
at org.testng.TestNG.runSuitesLocally(TestNG.java:1140)
at org.testng.TestNG.runSuites(TestNG.java:1069)
at org.testng.TestNG.run(TestNG.java:1037)
at org.testng.remote.AbstractRemoteTestNG.run(AbstractRemoteTestNG.java:115)
at org.testng.remote.RemoteTestNG.initAndRun(RemoteTestNG.java:251)
at org.testng.remote.RemoteTestNG.main(RemoteTestNG.java:77)
]]>
    </failure>
  </testcase> <!-- @BeforeMethod start -->
  <testcase name="@AfterMethod finish" time="-1.610469276953E9" classname="seleniumBootCampTestNG.S20_32_CreateChartWOMandatroy">
    <skipped/>
  </testcase> <!-- @AfterMethod finish -->
  <testcase name="@AfterClass afterclass" time="-1.610469276955E9" classname="seleniumBootCampTestNG.S20_32_CreateChartWOMandatroy">
    <skipped/>
  </testcase> <!-- @AfterClass afterclass -->
  <testcase name="@BeforeMethod start" time="-1.610469276958E9" classname="seleniumBootCampTestNG.S20_2_CreateOpportunity">
    <failure type="org.testng.TestNGException" message="
Parameter &amp;apos;browser&amp;apos; is required by BeforeMethod on method start but has not been marked @Optional or defined
in /private/var/folders/07/qzbzvc9x6wvbsvng0kq4lvzr0000gn/T/testng-eclipse--702724328/testng-customsuite.xml">
      <![CDATA[org.testng.TestNGException: 
Parameter 'browser' is required by BeforeMethod on method start but has not been marked @Optional or defined
in /private/var/folders/07/qzbzvc9x6wvbsvng0kq4lvzr0000gn/T/testng-eclipse--702724328/testng-customsuite.xml
at org.testng.internal.Parameters.createParams(Parameters.java:268)
at org.testng.internal.Parameters.createParametersForMethod(Parameters.java:356)
at org.testng.internal.Parameters.createParameters(Parameters.java:700)
at org.testng.internal.Parameters.createConfigurationParameters(Parameters.java:166)
at org.testng.internal.ConfigInvoker.invokeConfigurations(ConfigInvoker.java:301)
at org.testng.internal.TestInvoker.runConfigMethods(TestInvoker.java:701)
at org.testng.internal.TestInvoker.invokeMethod(TestInvoker.java:527)
at org.testng.internal.TestInvoker.invokeTestMethod(TestInvoker.java:174)
at org.testng.internal.MethodRunner.runInSequence(MethodRunner.java:46)
at org.testng.internal.TestInvoker$MethodInvocationAgent.invoke(TestInvoker.java:822)
at org.testng.internal.TestInvoker.invokeTestMethods(TestInvoker.java:147)
at org.testng.internal.TestMethodWorker.invokeTestMethods(TestMethodWorker.java:146)
at org.testng.internal.TestMethodWorker.run(TestMethodWorker.java:128)
at java.util.ArrayList.forEach(ArrayList.java:1259)
at org.testng.TestRunner.privateRun(TestRunner.java:764)
at org.testng.TestRunner.run(TestRunner.java:585)
at org.testng.SuiteRunner.runTest(SuiteRunner.java:384)
at org.testng.SuiteRunner.runSequentially(SuiteRunner.java:378)
at org.testng.SuiteRunner.privateRun(SuiteRunner.java:337)
at org.testng.SuiteRunner.run(SuiteRunner.java:286)
at org.testng.SuiteRunnerWorker.runSuite(SuiteRunnerWorker.java:53)
at org.testng.SuiteRunnerWorker.run(SuiteRunnerWorker.java:96)
at org.testng.TestNG.runSuitesSequentially(TestNG.java:1218)
at org.testng.TestNG.runSuitesLocally(TestNG.java:1140)
at org.testng.TestNG.runSuites(TestNG.java:1069)
at org.testng.TestNG.run(TestNG.java:1037)
at org.testng.remote.AbstractRemoteTestNG.run(AbstractRemoteTestNG.java:115)
at org.testng.remote.RemoteTestNG.initAndRun(RemoteTestNG.java:251)
at org.testng.remote.RemoteTestNG.main(RemoteTestNG.java:77)
]]>
    </failure>
  </testcase> <!-- @BeforeMethod start -->
  <testcase name="@AfterMethod finish" time="-1.610469276972E9" classname="seleniumBootCampTestNG.S20_2_CreateOpportunity">
    <skipped/>
  </testcase> <!-- @AfterMethod finish -->
  <testcase name="@AfterClass afterclass" time="-1.610469276974E9" classname="seleniumBootCampTestNG.S20_2_CreateOpportunity">
    <skipped/>
  </testcase> <!-- @AfterClass afterclass -->
  <testcase name="@BeforeMethod start" time="-1.610469276977E9" classname="seleniumBootCampTestNG.S20_46_CreateChart">
    <failure type="org.testng.TestNGException" message="
Parameter &amp;apos;browser&amp;apos; is required by BeforeMethod on method start but has not been marked @Optional or defined
in /private/var/folders/07/qzbzvc9x6wvbsvng0kq4lvzr0000gn/T/testng-eclipse--702724328/testng-customsuite.xml">
      <![CDATA[org.testng.TestNGException: 
Parameter 'browser' is required by BeforeMethod on method start but has not been marked @Optional or defined
in /private/var/folders/07/qzbzvc9x6wvbsvng0kq4lvzr0000gn/T/testng-eclipse--702724328/testng-customsuite.xml
at org.testng.internal.Parameters.createParams(Parameters.java:268)
at org.testng.internal.Parameters.createParametersForMethod(Parameters.java:356)
at org.testng.internal.Parameters.createParameters(Parameters.java:700)
at org.testng.internal.Parameters.createConfigurationParameters(Parameters.java:166)
at org.testng.internal.ConfigInvoker.invokeConfigurations(ConfigInvoker.java:301)
at org.testng.internal.TestInvoker.runConfigMethods(TestInvoker.java:701)
at org.testng.internal.TestInvoker.invokeMethod(TestInvoker.java:527)
at org.testng.internal.TestInvoker.invokeTestMethod(TestInvoker.java:174)
at org.testng.internal.MethodRunner.runInSequence(MethodRunner.java:46)
at org.testng.internal.TestInvoker$MethodInvocationAgent.invoke(TestInvoker.java:822)
at org.testng.internal.TestInvoker.invokeTestMethods(TestInvoker.java:147)
at org.testng.internal.TestMethodWorker.invokeTestMethods(TestMethodWorker.java:146)
at org.testng.internal.TestMethodWorker.run(TestMethodWorker.java:128)
at java.util.ArrayList.forEach(ArrayList.java:1259)
at org.testng.TestRunner.privateRun(TestRunner.java:764)
at org.testng.TestRunner.run(TestRunner.java:585)
at org.testng.SuiteRunner.runTest(SuiteRunner.java:384)
at org.testng.SuiteRunner.runSequentially(SuiteRunner.java:378)
at org.testng.SuiteRunner.privateRun(SuiteRunner.java:337)
at org.testng.SuiteRunner.run(SuiteRunner.java:286)
at org.testng.SuiteRunnerWorker.runSuite(SuiteRunnerWorker.java:53)
at org.testng.SuiteRunnerWorker.run(SuiteRunnerWorker.java:96)
at org.testng.TestNG.runSuitesSequentially(TestNG.java:1218)
at org.testng.TestNG.runSuitesLocally(TestNG.java:1140)
at org.testng.TestNG.runSuites(TestNG.java:1069)
at org.testng.TestNG.run(TestNG.java:1037)
at org.testng.remote.AbstractRemoteTestNG.run(AbstractRemoteTestNG.java:115)
at org.testng.remote.RemoteTestNG.initAndRun(RemoteTestNG.java:251)
at org.testng.remote.RemoteTestNG.main(RemoteTestNG.java:77)
]]>
    </failure>
  </testcase> <!-- @BeforeMethod start -->
  <testcase name="@AfterMethod finish" time="-1.610469276983E9" classname="seleniumBootCampTestNG.S20_46_CreateChart">
    <skipped/>
  </testcase> <!-- @AfterMethod finish -->
  <testcase name="@AfterClass afterclass" time="-1.610469276985E9" classname="seleniumBootCampTestNG.S20_46_CreateChart">
    <skipped/>
  </testcase> <!-- @AfterClass afterclass -->
  <testcase name="@AfterTest afterTest" time="-1.610469277004E9" classname="seleniumBootCampTestNG.S20_11_BoardExamSchedule">
    <skipped/>
  </testcase> <!-- @AfterTest afterTest -->
  <testcase name="@AfterTest afterTest" time="-1.610469277006E9" classname="seleniumBootCampTestNG.S20_29_CreateTask">
    <skipped/>
  </testcase> <!-- @AfterTest afterTest -->
  <testcase name="@AfterTest afterTest" time="-1.610469277007E9" classname="seleniumBootCampTestNG.S20_2_CreateOpportunity">
    <skipped/>
  </testcase> <!-- @AfterTest afterTest -->
  <testcase name="@AfterTest afterTest" time="-1.610469277008E9" classname="seleniumBootCampTestNG.S20_30_EditTask">
    <skipped/>
  </testcase> <!-- @AfterTest afterTest -->
  <testcase name="@AfterTest afterTest" time="-1.610469277008E9" classname="seleniumBootCampTestNG.S20_31_DeleteTask">
    <skipped/>
  </testcase> <!-- @AfterTest afterTest -->
  <testcase name="@AfterTest afterTest" time="-1.610469277009E9" classname="seleniumBootCampTestNG.S20_32_CreateChartWOMandatroy">
    <skipped/>
  </testcase> <!-- @AfterTest afterTest -->
  <testcase name="@AfterTest afterTest" time="-1.61046927701E9" classname="seleniumBootCampTestNG.S20_45_CreateRefund">
    <skipped/>
  </testcase> <!-- @AfterTest afterTest -->
  <testcase name="@AfterTest afterTest" time="-1.61046927701E9" classname="seleniumBootCampTestNG.S20_46_CreateChart">
    <skipped/>
  </testcase> <!-- @AfterTest afterTest -->
  <testcase name="createRefund" time="0.0" classname="seleniumBootCampTestNG.S20_45_CreateRefund">
    <skipped/>
  </testcase> <!-- createRefund -->
  <testcase name="plannedBoardExam" time="0.0" classname="seleniumBootCampTestNG.S20_11_BoardExamSchedule">
    <skipped/>
  </testcase> <!-- plannedBoardExam -->
  <testcase name="createTask" time="0.001" classname="seleniumBootCampTestNG.S20_29_CreateTask">
    <skipped/>
  </testcase> <!-- createTask -->
  <testcase name="createChartWOMandatory" time="0.0" classname="seleniumBootCampTestNG.S20_32_CreateChartWOMandatroy">
    <skipped/>
  </testcase> <!-- createChartWOMandatory -->
  <testcase name="createOpportunity" time="0.0" classname="seleniumBootCampTestNG.S20_2_CreateOpportunity">
    <skipped/>
  </testcase> <!-- createOpportunity -->
  <testcase name="createChart" time="0.0" classname="seleniumBootCampTestNG.S20_46_CreateChart">
    <skipped/>
  </testcase> <!-- createChart -->
  <testcase name="editTask" time="0.0" classname="seleniumBootCampTestNG.S20_30_EditTask">
    <skipped/>
  </testcase> <!-- editTask -->
  <testcase name="deletetask" time="0.0" classname="seleniumBootCampTestNG.S20_31_DeleteTask">
    <skipped/>
  </testcase> <!-- deletetask -->
</testsuite> <!-- Default test -->
