<?xml version="1.0" encoding="UTF-8"?>
<testng-results skipped="0" failed="2" ignored="0" total="8" passed="6">
  <reporter-output>
  </reporter-output>
  <suite name="Suite" duration-ms="603805" started-at="2021-01-12T22:30:42 IST" finished-at="2021-01-12T22:40:46 IST">
    <groups>
    </groups>
    <test name="Test" duration-ms="603805" started-at="2021-01-12T22:30:42 IST" finished-at="2021-01-12T22:40:46 IST">
      <class name="seleniumBootCampTestNG.S20_11_BoardExamSchedule">
        <test-method status="PASS" signature="beforesuite()[pri:0, instance:seleniumBootCampTestNG.S20_11_BoardExamSchedule@612679d6]" name="beforesuite" is-config="true" duration-ms="11" started-at="2021-01-12T22:30:42 IST" finished-at="2021-01-12T22:30:42 IST">
          <reporter-output>
          </reporter-output>
        </test-method> <!-- beforesuite -->
        <test-method status="PASS" signature="beforeTest()[pri:0, instance:seleniumBootCampTestNG.S20_11_BoardExamSchedule@612679d6]" name="beforeTest" is-config="true" duration-ms="1" started-at="2021-01-12T22:30:42 IST" finished-at="2021-01-12T22:30:42 IST">
          <reporter-output>
          </reporter-output>
        </test-method> <!-- beforeTest -->
        <test-method status="PASS" signature="beforeClass()[pri:0, instance:seleniumBootCampTestNG.S20_11_BoardExamSchedule@612679d6]" name="beforeClass" is-config="true" duration-ms="0" started-at="2021-01-12T22:30:42 IST" finished-at="2021-01-12T22:30:42 IST">
          <reporter-output>
          </reporter-output>
        </test-method> <!-- beforeClass -->
        <test-method status="PASS" signature="start(java.lang.String)[pri:0, instance:seleniumBootCampTestNG.S20_11_BoardExamSchedule@612679d6]" name="start" is-config="true" duration-ms="2929" started-at="2021-01-12T22:30:42 IST" finished-at="2021-01-12T22:30:45 IST">
          <params>
            <param index="0">
              <value>
                <![CDATA[chrome]]>
              </value>
            </param>
          </params>
          <reporter-output>
          </reporter-output>
        </test-method> <!-- start -->
        <test-method status="PASS" signature="plannedBoardExam()[pri:0, instance:seleniumBootCampTestNG.S20_11_BoardExamSchedule@612679d6]" name="plannedBoardExam" duration-ms="50752" started-at="2021-01-12T22:30:45 IST" finished-at="2021-01-12T22:31:36 IST">
          <reporter-output>
          </reporter-output>
        </test-method> <!-- plannedBoardExam -->
        <test-method status="PASS" signature="finish()[pri:0, instance:seleniumBootCampTestNG.S20_11_BoardExamSchedule@612679d6]" name="finish" is-config="true" duration-ms="378" started-at="2021-01-12T22:31:36 IST" finished-at="2021-01-12T22:31:36 IST">
          <reporter-output>
          </reporter-output>
        </test-method> <!-- finish -->
        <test-method status="PASS" signature="afterclass()[pri:0, instance:seleniumBootCampTestNG.S20_11_BoardExamSchedule@612679d6]" name="afterclass" is-config="true" duration-ms="0" started-at="2021-01-12T22:31:36 IST" finished-at="2021-01-12T22:31:36 IST">
          <reporter-output>
          </reporter-output>
        </test-method> <!-- afterclass -->
        <test-method status="PASS" signature="afterTest()[pri:0, instance:seleniumBootCampTestNG.S20_11_BoardExamSchedule@612679d6]" name="afterTest" is-config="true" duration-ms="0" started-at="2021-01-12T22:40:46 IST" finished-at="2021-01-12T22:40:46 IST">
          <reporter-output>
          </reporter-output>
        </test-method> <!-- afterTest -->
        <test-method status="PASS" signature="aftersuite()[pri:0, instance:seleniumBootCampTestNG.S20_11_BoardExamSchedule@612679d6]" name="aftersuite" is-config="true" duration-ms="0" started-at="2021-01-12T22:40:46 IST" finished-at="2021-01-12T22:40:46 IST">
          <reporter-output>
          </reporter-output>
        </test-method> <!-- aftersuite -->
      </class> <!-- seleniumBootCampTestNG.S20_11_BoardExamSchedule -->
      <class name="seleniumBootCampTestNG.S20_45_CreateRefund">
        <test-method status="PASS" signature="beforesuite()[pri:0, instance:seleniumBootCampTestNG.S20_45_CreateRefund@11758f2a]" name="beforesuite" is-config="true" duration-ms="0" started-at="2021-01-12T22:30:42 IST" finished-at="2021-01-12T22:30:42 IST">
          <reporter-output>
          </reporter-output>
        </test-method> <!-- beforesuite -->
        <test-method status="PASS" signature="beforeTest()[pri:0, instance:seleniumBootCampTestNG.S20_45_CreateRefund@11758f2a]" name="beforeTest" is-config="true" duration-ms="1" started-at="2021-01-12T22:30:42 IST" finished-at="2021-01-12T22:30:42 IST">
          <reporter-output>
          </reporter-output>
        </test-method> <!-- beforeTest -->
        <test-method status="PASS" signature="beforeClass()[pri:0, instance:seleniumBootCampTestNG.S20_45_CreateRefund@11758f2a]" name="beforeClass" is-config="true" duration-ms="0" started-at="2021-01-12T22:32:41 IST" finished-at="2021-01-12T22:32:41 IST">
          <reporter-output>
          </reporter-output>
        </test-method> <!-- beforeClass -->
        <test-method status="PASS" signature="start(java.lang.String)[pri:0, instance:seleniumBootCampTestNG.S20_45_CreateRefund@11758f2a]" name="start" is-config="true" duration-ms="2051" started-at="2021-01-12T22:32:41 IST" finished-at="2021-01-12T22:32:43 IST">
          <params>
            <param index="0">
              <value>
                <![CDATA[chrome]]>
              </value>
            </param>
          </params>
          <reporter-output>
          </reporter-output>
        </test-method> <!-- start -->
        <test-method status="FAIL" signature="createRefund()[pri:0, instance:seleniumBootCampTestNG.S20_45_CreateRefund@11758f2a]" name="createRefund" duration-ms="96069" started-at="2021-01-12T22:32:43 IST" finished-at="2021-01-12T22:34:19 IST">
          <exception class="org.openqa.selenium.NoSuchElementException">
            <message>
              <![CDATA[no such element: Unable to locate element: {"method":"xpath","selector":"/html/body/div[8]/div/ul/li[4]/a"}
  (Session info: chrome=87.0.4280.141)
For documentation on this error, please visit: https://www.seleniumhq.org/exceptions/no_such_element.html
Build info: version: '3.141.59', revision: 'e82be7d358', time: '2018-11-14T08:17:03'
System info: host: 'PALANIMOHANs-MacBook-Air.local', ip: 'fe80:0:0:0:42a:168d:abfe:8b9c%en0', os.name: 'Mac OS X', os.arch: 'x86_64', os.version: '10.16', java.version: '1.8.0_271'
Driver info: org.openqa.selenium.chrome.ChromeDriver
Capabilities {acceptInsecureCerts: false, browserName: chrome, browserVersion: 87.0.4280.141, chrome: {chromedriverVersion: 87.0.4280.88 (89e2380a3e36c..., userDataDir: /var/folders/07/qzbzvc9x6wv...}, goog:chromeOptions: {debuggerAddress: localhost:53699}, javascriptEnabled: true, networkConnectionEnabled: false, pageLoadStrategy: normal, platform: MAC, platformName: MAC, proxy: Proxy(), setWindowRect: true, strictFileInteractability: false, timeouts: {implicit: 0, pageLoad: 300000, script: 30000}, unhandledPromptBehavior: dismiss and notify, webauthn:virtualAuthenticators: true}
Session ID: 9b70b76d0d2e9c70d0a33eec3880b676
*** Element info: {Using=xpath, value=/html/body/div[8]/div/ul/li[4]/a}]]>
            </message>
            <full-stacktrace>
              <![CDATA[org.openqa.selenium.NoSuchElementException: no such element: Unable to locate element: {"method":"xpath","selector":"/html/body/div[8]/div/ul/li[4]/a"}
  (Session info: chrome=87.0.4280.141)
For documentation on this error, please visit: https://www.seleniumhq.org/exceptions/no_such_element.html
Build info: version: '3.141.59', revision: 'e82be7d358', time: '2018-11-14T08:17:03'
System info: host: 'PALANIMOHANs-MacBook-Air.local', ip: 'fe80:0:0:0:42a:168d:abfe:8b9c%en0', os.name: 'Mac OS X', os.arch: 'x86_64', os.version: '10.16', java.version: '1.8.0_271'
Driver info: org.openqa.selenium.chrome.ChromeDriver
Capabilities {acceptInsecureCerts: false, browserName: chrome, browserVersion: 87.0.4280.141, chrome: {chromedriverVersion: 87.0.4280.88 (89e2380a3e36c..., userDataDir: /var/folders/07/qzbzvc9x6wv...}, goog:chromeOptions: {debuggerAddress: localhost:53699}, javascriptEnabled: true, networkConnectionEnabled: false, pageLoadStrategy: normal, platform: MAC, platformName: MAC, proxy: Proxy(), setWindowRect: true, strictFileInteractability: false, timeouts: {implicit: 0, pageLoad: 300000, script: 30000}, unhandledPromptBehavior: dismiss and notify, webauthn:virtualAuthenticators: true}
Session ID: 9b70b76d0d2e9c70d0a33eec3880b676
*** Element info: {Using=xpath, value=/html/body/div[8]/div/ul/li[4]/a}
at sun.reflect.NativeConstructorAccessorImpl.newInstance0(Native Method)
at sun.reflect.NativeConstructorAccessorImpl.newInstance(NativeConstructorAccessorImpl.java:62)
at sun.reflect.DelegatingConstructorAccessorImpl.newInstance(DelegatingConstructorAccessorImpl.java:45)
at java.lang.reflect.Constructor.newInstance(Constructor.java:423)
at org.openqa.selenium.remote.http.W3CHttpResponseCodec.createException(W3CHttpResponseCodec.java:187)
at org.openqa.selenium.remote.http.W3CHttpResponseCodec.decode(W3CHttpResponseCodec.java:122)
at org.openqa.selenium.remote.http.W3CHttpResponseCodec.decode(W3CHttpResponseCodec.java:49)
at org.openqa.selenium.remote.HttpCommandExecutor.execute(HttpCommandExecutor.java:158)
at org.openqa.selenium.remote.service.DriverCommandExecutor.execute(DriverCommandExecutor.java:83)
at org.openqa.selenium.remote.RemoteWebDriver.execute(RemoteWebDriver.java:552)
at org.openqa.selenium.remote.RemoteWebDriver.findElement(RemoteWebDriver.java:323)
at org.openqa.selenium.remote.RemoteWebDriver.findElementByXPath(RemoteWebDriver.java:428)
at seleniumBootCampTestNG.S20_45_CreateRefund.createRefund(S20_45_CreateRefund.java:81)
at sun.reflect.NativeMethodAccessorImpl.invoke0(Native Method)
at sun.reflect.NativeMethodAccessorImpl.invoke(NativeMethodAccessorImpl.java:62)
at sun.reflect.DelegatingMethodAccessorImpl.invoke(DelegatingMethodAccessorImpl.java:43)
at java.lang.reflect.Method.invoke(Method.java:498)
at org.testng.internal.MethodInvocationHelper.invokeMethod(MethodInvocationHelper.java:132)
at org.testng.internal.TestInvoker.invokeMethod(TestInvoker.java:599)
at org.testng.internal.TestInvoker.invokeTestMethod(TestInvoker.java:174)
at org.testng.internal.MethodRunner.runInSequence(MethodRunner.java:46)
at org.testng.internal.TestInvoker$MethodInvocationAgent.invoke(TestInvoker.java:822)
at org.testng.internal.TestInvoker.invokeTestMethods(TestInvoker.java:147)
at org.testng.internal.TestMethodWorker.invokeTestMethods(TestMethodWorker.java:146)
at org.testng.internal.TestMethodWorker.run(TestMethodWorker.java:128)
at java.util.ArrayList.forEach(ArrayList.java:1259)
at org.testng.TestRunner.privateRun(TestRunner.java:764)
at org.testng.TestRunner.run(TestRunner.java:585)
at org.testng.SuiteRunner.runTest(SuiteRunner.java:384)
at org.testng.SuiteRunner.runSequentially(SuiteRunner.java:378)
at org.testng.SuiteRunner.privateRun(SuiteRunner.java:337)
at org.testng.SuiteRunner.run(SuiteRunner.java:286)
at org.testng.SuiteRunnerWorker.runSuite(SuiteRunnerWorker.java:53)
at org.testng.SuiteRunnerWorker.run(SuiteRunnerWorker.java:96)
at org.testng.TestNG.runSuitesSequentially(TestNG.java:1218)
at org.testng.TestNG.runSuitesLocally(TestNG.java:1140)
at org.testng.TestNG.runSuites(TestNG.java:1069)
at org.testng.TestNG.run(TestNG.java:1037)
at org.testng.remote.AbstractRemoteTestNG.run(AbstractRemoteTestNG.java:115)
at org.testng.remote.RemoteTestNG.initAndRun(RemoteTestNG.java:251)
at org.testng.remote.RemoteTestNG.main(RemoteTestNG.java:77)
]]>
            </full-stacktrace>
          </exception> <!-- org.openqa.selenium.NoSuchElementException -->
          <reporter-output>
          </reporter-output>
        </test-method> <!-- createRefund -->
        <test-method status="PASS" signature="finish()[pri:0, instance:seleniumBootCampTestNG.S20_45_CreateRefund@11758f2a]" name="finish" is-config="true" duration-ms="360" started-at="2021-01-12T22:34:19 IST" finished-at="2021-01-12T22:34:19 IST">
          <reporter-output>
          </reporter-output>
        </test-method> <!-- finish -->
        <test-method status="PASS" signature="afterclass()[pri:0, instance:seleniumBootCampTestNG.S20_45_CreateRefund@11758f2a]" name="afterclass" is-config="true" duration-ms="0" started-at="2021-01-12T22:34:19 IST" finished-at="2021-01-12T22:34:19 IST">
          <reporter-output>
          </reporter-output>
        </test-method> <!-- afterclass -->
        <test-method status="PASS" signature="afterTest()[pri:0, instance:seleniumBootCampTestNG.S20_45_CreateRefund@11758f2a]" name="afterTest" is-config="true" duration-ms="0" started-at="2021-01-12T22:40:46 IST" finished-at="2021-01-12T22:40:46 IST">
          <reporter-output>
          </reporter-output>
        </test-method> <!-- afterTest -->
        <test-method status="PASS" signature="aftersuite()[pri:0, instance:seleniumBootCampTestNG.S20_45_CreateRefund@11758f2a]" name="aftersuite" is-config="true" duration-ms="0" started-at="2021-01-12T22:40:46 IST" finished-at="2021-01-12T22:40:46 IST">
          <reporter-output>
          </reporter-output>
        </test-method> <!-- aftersuite -->
      </class> <!-- seleniumBootCampTestNG.S20_45_CreateRefund -->
      <class name="seleniumBootCampTestNG.S20_31_DeleteTask">
        <test-method status="PASS" signature="beforesuite()[pri:0, instance:seleniumBootCampTestNG.S20_31_DeleteTask@1060b431]" name="beforesuite" is-config="true" duration-ms="0" started-at="2021-01-12T22:30:42 IST" finished-at="2021-01-12T22:30:42 IST">
          <reporter-output>
          </reporter-output>
        </test-method> <!-- beforesuite -->
        <test-method status="PASS" signature="beforeTest()[pri:0, instance:seleniumBootCampTestNG.S20_31_DeleteTask@1060b431]" name="beforeTest" is-config="true" duration-ms="0" started-at="2021-01-12T22:30:42 IST" finished-at="2021-01-12T22:30:42 IST">
          <reporter-output>
          </reporter-output>
        </test-method> <!-- beforeTest -->
        <test-method status="PASS" signature="beforeClass()[pri:0, instance:seleniumBootCampTestNG.S20_31_DeleteTask@1060b431]" name="beforeClass" is-config="true" duration-ms="0" started-at="2021-01-12T22:39:37 IST" finished-at="2021-01-12T22:39:37 IST">
          <reporter-output>
          </reporter-output>
        </test-method> <!-- beforeClass -->
        <test-method status="PASS" signature="start(java.lang.String)[pri:0, instance:seleniumBootCampTestNG.S20_31_DeleteTask@1060b431]" name="start" is-config="true" duration-ms="2286" started-at="2021-01-12T22:39:37 IST" finished-at="2021-01-12T22:39:40 IST">
          <params>
            <param index="0">
              <value>
                <![CDATA[chrome]]>
              </value>
            </param>
          </params>
          <reporter-output>
          </reporter-output>
        </test-method> <!-- start -->
        <test-method status="PASS" signature="deletetask()[pri:0, instance:seleniumBootCampTestNG.S20_31_DeleteTask@1060b431]" name="deletetask" duration-ms="65908" started-at="2021-01-12T22:39:40 IST" depends-on-methods="seleniumBootCampTestNG.S20_30_EditTask.editTask" finished-at="2021-01-12T22:40:46 IST">
          <reporter-output>
          </reporter-output>
        </test-method> <!-- deletetask -->
        <test-method status="PASS" signature="finish()[pri:0, instance:seleniumBootCampTestNG.S20_31_DeleteTask@1060b431]" name="finish" is-config="true" duration-ms="334" started-at="2021-01-12T22:40:46 IST" finished-at="2021-01-12T22:40:46 IST">
          <reporter-output>
          </reporter-output>
        </test-method> <!-- finish -->
        <test-method status="PASS" signature="afterclass()[pri:0, instance:seleniumBootCampTestNG.S20_31_DeleteTask@1060b431]" name="afterclass" is-config="true" duration-ms="1" started-at="2021-01-12T22:40:46 IST" finished-at="2021-01-12T22:40:46 IST">
          <reporter-output>
          </reporter-output>
        </test-method> <!-- afterclass -->
        <test-method status="PASS" signature="afterTest()[pri:0, instance:seleniumBootCampTestNG.S20_31_DeleteTask@1060b431]" name="afterTest" is-config="true" duration-ms="0" started-at="2021-01-12T22:40:46 IST" finished-at="2021-01-12T22:40:46 IST">
          <reporter-output>
          </reporter-output>
        </test-method> <!-- afterTest -->
        <test-method status="PASS" signature="aftersuite()[pri:0, instance:seleniumBootCampTestNG.S20_31_DeleteTask@1060b431]" name="aftersuite" is-config="true" duration-ms="1" started-at="2021-01-12T22:40:46 IST" finished-at="2021-01-12T22:40:46 IST">
          <reporter-output>
          </reporter-output>
        </test-method> <!-- aftersuite -->
      </class> <!-- seleniumBootCampTestNG.S20_31_DeleteTask -->
      <class name="seleniumBootCampTestNG.S20_29_CreateTask">
        <test-method status="PASS" signature="beforesuite()[pri:0, instance:seleniumBootCampTestNG.S20_29_CreateTask@e720b71]" name="beforesuite" is-config="true" duration-ms="1" started-at="2021-01-12T22:30:42 IST" finished-at="2021-01-12T22:30:42 IST">
          <reporter-output>
          </reporter-output>
        </test-method> <!-- beforesuite -->
        <test-method status="PASS" signature="beforeTest()[pri:0, instance:seleniumBootCampTestNG.S20_29_CreateTask@e720b71]" name="beforeTest" is-config="true" duration-ms="0" started-at="2021-01-12T22:30:42 IST" finished-at="2021-01-12T22:30:42 IST">
          <reporter-output>
          </reporter-output>
        </test-method> <!-- beforeTest -->
        <test-method status="PASS" signature="beforeClass()[pri:0, instance:seleniumBootCampTestNG.S20_29_CreateTask@e720b71]" name="beforeClass" is-config="true" duration-ms="0" started-at="2021-01-12T22:35:35 IST" finished-at="2021-01-12T22:35:35 IST">
          <reporter-output>
          </reporter-output>
        </test-method> <!-- beforeClass -->
        <test-method status="PASS" signature="start(java.lang.String)[pri:0, instance:seleniumBootCampTestNG.S20_29_CreateTask@e720b71]" name="start" is-config="true" duration-ms="2229" started-at="2021-01-12T22:35:35 IST" finished-at="2021-01-12T22:35:38 IST">
          <params>
            <param index="0">
              <value>
                <![CDATA[chrome]]>
              </value>
            </param>
          </params>
          <reporter-output>
          </reporter-output>
        </test-method> <!-- start -->
        <test-method status="PASS" signature="createTask()[pri:0, instance:seleniumBootCampTestNG.S20_29_CreateTask@e720b71]" name="createTask" duration-ms="46719" started-at="2021-01-12T22:35:38 IST" finished-at="2021-01-12T22:36:24 IST">
          <reporter-output>
          </reporter-output>
        </test-method> <!-- createTask -->
        <test-method status="PASS" signature="finish()[pri:0, instance:seleniumBootCampTestNG.S20_29_CreateTask@e720b71]" name="finish" is-config="true" duration-ms="287" started-at="2021-01-12T22:36:24 IST" finished-at="2021-01-12T22:36:25 IST">
          <reporter-output>
          </reporter-output>
        </test-method> <!-- finish -->
        <test-method status="PASS" signature="afterclass()[pri:0, instance:seleniumBootCampTestNG.S20_29_CreateTask@e720b71]" name="afterclass" is-config="true" duration-ms="0" started-at="2021-01-12T22:36:25 IST" finished-at="2021-01-12T22:36:25 IST">
          <reporter-output>
          </reporter-output>
        </test-method> <!-- afterclass -->
        <test-method status="PASS" signature="afterTest()[pri:0, instance:seleniumBootCampTestNG.S20_29_CreateTask@e720b71]" name="afterTest" is-config="true" duration-ms="0" started-at="2021-01-12T22:40:46 IST" finished-at="2021-01-12T22:40:46 IST">
          <reporter-output>
          </reporter-output>
        </test-method> <!-- afterTest -->
        <test-method status="PASS" signature="aftersuite()[pri:0, instance:seleniumBootCampTestNG.S20_29_CreateTask@e720b71]" name="aftersuite" is-config="true" duration-ms="1" started-at="2021-01-12T22:40:46 IST" finished-at="2021-01-12T22:40:46 IST">
          <reporter-output>
          </reporter-output>
        </test-method> <!-- aftersuite -->
      </class> <!-- seleniumBootCampTestNG.S20_29_CreateTask -->
      <class name="seleniumBootCampTestNG.S20_32_CreateChartWOMandatroy">
        <test-method status="PASS" signature="beforesuite()[pri:0, instance:seleniumBootCampTestNG.S20_32_CreateChartWOMandatroy@491cc5c9]" name="beforesuite" is-config="true" duration-ms="0" started-at="2021-01-12T22:30:42 IST" finished-at="2021-01-12T22:30:42 IST">
          <reporter-output>
          </reporter-output>
        </test-method> <!-- beforesuite -->
        <test-method status="PASS" signature="beforeTest()[pri:0, instance:seleniumBootCampTestNG.S20_32_CreateChartWOMandatroy@491cc5c9]" name="beforeTest" is-config="true" duration-ms="0" started-at="2021-01-12T22:30:42 IST" finished-at="2021-01-12T22:30:42 IST">
          <reporter-output>
          </reporter-output>
        </test-method> <!-- beforeTest -->
        <test-method status="PASS" signature="beforeClass()[pri:0, instance:seleniumBootCampTestNG.S20_32_CreateChartWOMandatroy@491cc5c9]" name="beforeClass" is-config="true" duration-ms="1" started-at="2021-01-12T22:31:36 IST" finished-at="2021-01-12T22:31:36 IST">
          <reporter-output>
          </reporter-output>
        </test-method> <!-- beforeClass -->
        <test-method status="PASS" signature="start(java.lang.String)[pri:0, instance:seleniumBootCampTestNG.S20_32_CreateChartWOMandatroy@491cc5c9]" name="start" is-config="true" duration-ms="2465" started-at="2021-01-12T22:31:36 IST" finished-at="2021-01-12T22:31:39 IST">
          <params>
            <param index="0">
              <value>
                <![CDATA[chrome]]>
              </value>
            </param>
          </params>
          <reporter-output>
          </reporter-output>
        </test-method> <!-- start -->
        <test-method status="PASS" signature="createChartWOMandatory()[pri:0, instance:seleniumBootCampTestNG.S20_32_CreateChartWOMandatroy@491cc5c9]" name="createChartWOMandatory" duration-ms="61614" started-at="2021-01-12T22:31:39 IST" finished-at="2021-01-12T22:32:40 IST">
          <reporter-output>
          </reporter-output>
        </test-method> <!-- createChartWOMandatory -->
        <test-method status="PASS" signature="finish()[pri:0, instance:seleniumBootCampTestNG.S20_32_CreateChartWOMandatroy@491cc5c9]" name="finish" is-config="true" duration-ms="281" started-at="2021-01-12T22:32:40 IST" finished-at="2021-01-12T22:32:41 IST">
          <reporter-output>
          </reporter-output>
        </test-method> <!-- finish -->
        <test-method status="PASS" signature="afterclass()[pri:0, instance:seleniumBootCampTestNG.S20_32_CreateChartWOMandatroy@491cc5c9]" name="afterclass" is-config="true" duration-ms="0" started-at="2021-01-12T22:32:41 IST" finished-at="2021-01-12T22:32:41 IST">
          <reporter-output>
          </reporter-output>
        </test-method> <!-- afterclass -->
        <test-method status="PASS" signature="afterTest()[pri:0, instance:seleniumBootCampTestNG.S20_32_CreateChartWOMandatroy@491cc5c9]" name="afterTest" is-config="true" duration-ms="0" started-at="2021-01-12T22:40:46 IST" finished-at="2021-01-12T22:40:46 IST">
          <reporter-output>
          </reporter-output>
        </test-method> <!-- afterTest -->
        <test-method status="PASS" signature="aftersuite()[pri:0, instance:seleniumBootCampTestNG.S20_32_CreateChartWOMandatroy@491cc5c9]" name="aftersuite" is-config="true" duration-ms="0" started-at="2021-01-12T22:40:46 IST" finished-at="2021-01-12T22:40:46 IST">
          <reporter-output>
          </reporter-output>
        </test-method> <!-- aftersuite -->
      </class> <!-- seleniumBootCampTestNG.S20_32_CreateChartWOMandatroy -->
      <class name="seleniumBootCampTestNG.S20_46_CreateChart">
        <test-method status="PASS" signature="beforesuite()[pri:0, instance:seleniumBootCampTestNG.S20_46_CreateChart@6a1aab78]" name="beforesuite" is-config="true" duration-ms="1" started-at="2021-01-12T22:30:42 IST" finished-at="2021-01-12T22:30:42 IST">
          <reporter-output>
          </reporter-output>
        </test-method> <!-- beforesuite -->
        <test-method status="PASS" signature="beforeTest()[pri:0, instance:seleniumBootCampTestNG.S20_46_CreateChart@6a1aab78]" name="beforeTest" is-config="true" duration-ms="0" started-at="2021-01-12T22:30:42 IST" finished-at="2021-01-12T22:30:42 IST">
          <reporter-output>
          </reporter-output>
        </test-method> <!-- beforeTest -->
        <test-method status="PASS" signature="beforeClass()[pri:0, instance:seleniumBootCampTestNG.S20_46_CreateChart@6a1aab78]" name="beforeClass" is-config="true" duration-ms="0" started-at="2021-01-12T22:36:25 IST" finished-at="2021-01-12T22:36:25 IST">
          <reporter-output>
          </reporter-output>
        </test-method> <!-- beforeClass -->
        <test-method status="PASS" signature="start(java.lang.String)[pri:0, instance:seleniumBootCampTestNG.S20_46_CreateChart@6a1aab78]" name="start" is-config="true" duration-ms="2254" started-at="2021-01-12T22:36:25 IST" finished-at="2021-01-12T22:36:27 IST">
          <params>
            <param index="0">
              <value>
                <![CDATA[chrome]]>
              </value>
            </param>
          </params>
          <reporter-output>
          </reporter-output>
        </test-method> <!-- start -->
        <test-method status="FAIL" signature="createChart()[pri:0, instance:seleniumBootCampTestNG.S20_46_CreateChart@6a1aab78]" name="createChart" duration-ms="113516" started-at="2021-01-12T22:36:27 IST" finished-at="2021-01-12T22:38:20 IST">
          <exception class="org.openqa.selenium.NoSuchElementException">
            <message>
              <![CDATA[no such element: Unable to locate element: {"method":"xpath","selector":"/html/body/div[9]/div/ul/li[1]/a"}
  (Session info: chrome=87.0.4280.141)
For documentation on this error, please visit: https://www.seleniumhq.org/exceptions/no_such_element.html
Build info: version: '3.141.59', revision: 'e82be7d358', time: '2018-11-14T08:17:03'
System info: host: 'PALANIMOHANs-MacBook-Air.local', ip: 'fe80:0:0:0:42a:168d:abfe:8b9c%en0', os.name: 'Mac OS X', os.arch: 'x86_64', os.version: '10.16', java.version: '1.8.0_271'
Driver info: org.openqa.selenium.chrome.ChromeDriver
Capabilities {acceptInsecureCerts: false, browserName: chrome, browserVersion: 87.0.4280.141, chrome: {chromedriverVersion: 87.0.4280.88 (89e2380a3e36c..., userDataDir: /var/folders/07/qzbzvc9x6wv...}, goog:chromeOptions: {debuggerAddress: localhost:53923}, javascriptEnabled: true, networkConnectionEnabled: false, pageLoadStrategy: normal, platform: MAC, platformName: MAC, proxy: Proxy(), setWindowRect: true, strictFileInteractability: false, timeouts: {implicit: 0, pageLoad: 300000, script: 30000}, unhandledPromptBehavior: dismiss and notify, webauthn:virtualAuthenticators: true}
Session ID: fa52b05d0d609d69723ca808171d019b
*** Element info: {Using=xpath, value=/html/body/div[9]/div/ul/li[1]/a}]]>
            </message>
            <full-stacktrace>
              <![CDATA[org.openqa.selenium.NoSuchElementException: no such element: Unable to locate element: {"method":"xpath","selector":"/html/body/div[9]/div/ul/li[1]/a"}
  (Session info: chrome=87.0.4280.141)
For documentation on this error, please visit: https://www.seleniumhq.org/exceptions/no_such_element.html
Build info: version: '3.141.59', revision: 'e82be7d358', time: '2018-11-14T08:17:03'
System info: host: 'PALANIMOHANs-MacBook-Air.local', ip: 'fe80:0:0:0:42a:168d:abfe:8b9c%en0', os.name: 'Mac OS X', os.arch: 'x86_64', os.version: '10.16', java.version: '1.8.0_271'
Driver info: org.openqa.selenium.chrome.ChromeDriver
Capabilities {acceptInsecureCerts: false, browserName: chrome, browserVersion: 87.0.4280.141, chrome: {chromedriverVersion: 87.0.4280.88 (89e2380a3e36c..., userDataDir: /var/folders/07/qzbzvc9x6wv...}, goog:chromeOptions: {debuggerAddress: localhost:53923}, javascriptEnabled: true, networkConnectionEnabled: false, pageLoadStrategy: normal, platform: MAC, platformName: MAC, proxy: Proxy(), setWindowRect: true, strictFileInteractability: false, timeouts: {implicit: 0, pageLoad: 300000, script: 30000}, unhandledPromptBehavior: dismiss and notify, webauthn:virtualAuthenticators: true}
Session ID: fa52b05d0d609d69723ca808171d019b
*** Element info: {Using=xpath, value=/html/body/div[9]/div/ul/li[1]/a}
at sun.reflect.NativeConstructorAccessorImpl.newInstance0(Native Method)
at sun.reflect.NativeConstructorAccessorImpl.newInstance(NativeConstructorAccessorImpl.java:62)
at sun.reflect.DelegatingConstructorAccessorImpl.newInstance(DelegatingConstructorAccessorImpl.java:45)
at java.lang.reflect.Constructor.newInstance(Constructor.java:423)
at org.openqa.selenium.remote.http.W3CHttpResponseCodec.createException(W3CHttpResponseCodec.java:187)
at org.openqa.selenium.remote.http.W3CHttpResponseCodec.decode(W3CHttpResponseCodec.java:122)
at org.openqa.selenium.remote.http.W3CHttpResponseCodec.decode(W3CHttpResponseCodec.java:49)
at org.openqa.selenium.remote.HttpCommandExecutor.execute(HttpCommandExecutor.java:158)
at org.openqa.selenium.remote.service.DriverCommandExecutor.execute(DriverCommandExecutor.java:83)
at org.openqa.selenium.remote.RemoteWebDriver.execute(RemoteWebDriver.java:552)
at org.openqa.selenium.remote.RemoteWebDriver.findElement(RemoteWebDriver.java:323)
at org.openqa.selenium.remote.RemoteWebDriver.findElementByXPath(RemoteWebDriver.java:428)
at seleniumBootCampTestNG.S20_46_CreateChart.createChart(S20_46_CreateChart.java:97)
at sun.reflect.NativeMethodAccessorImpl.invoke0(Native Method)
at sun.reflect.NativeMethodAccessorImpl.invoke(NativeMethodAccessorImpl.java:62)
at sun.reflect.DelegatingMethodAccessorImpl.invoke(DelegatingMethodAccessorImpl.java:43)
at java.lang.reflect.Method.invoke(Method.java:498)
at org.testng.internal.MethodInvocationHelper.invokeMethod(MethodInvocationHelper.java:132)
at org.testng.internal.TestInvoker.invokeMethod(TestInvoker.java:599)
at org.testng.internal.TestInvoker.invokeTestMethod(TestInvoker.java:174)
at org.testng.internal.MethodRunner.runInSequence(MethodRunner.java:46)
at org.testng.internal.TestInvoker$MethodInvocationAgent.invoke(TestInvoker.java:822)
at org.testng.internal.TestInvoker.invokeTestMethods(TestInvoker.java:147)
at org.testng.internal.TestMethodWorker.invokeTestMethods(TestMethodWorker.java:146)
at org.testng.internal.TestMethodWorker.run(TestMethodWorker.java:128)
at java.util.ArrayList.forEach(ArrayList.java:1259)
at org.testng.TestRunner.privateRun(TestRunner.java:764)
at org.testng.TestRunner.run(TestRunner.java:585)
at org.testng.SuiteRunner.runTest(SuiteRunner.java:384)
at org.testng.SuiteRunner.runSequentially(SuiteRunner.java:378)
at org.testng.SuiteRunner.privateRun(SuiteRunner.java:337)
at org.testng.SuiteRunner.run(SuiteRunner.java:286)
at org.testng.SuiteRunnerWorker.runSuite(SuiteRunnerWorker.java:53)
at org.testng.SuiteRunnerWorker.run(SuiteRunnerWorker.java:96)
at org.testng.TestNG.runSuitesSequentially(TestNG.java:1218)
at org.testng.TestNG.runSuitesLocally(TestNG.java:1140)
at org.testng.TestNG.runSuites(TestNG.java:1069)
at org.testng.TestNG.run(TestNG.java:1037)
at org.testng.remote.AbstractRemoteTestNG.run(AbstractRemoteTestNG.java:115)
at org.testng.remote.RemoteTestNG.initAndRun(RemoteTestNG.java:251)
at org.testng.remote.RemoteTestNG.main(RemoteTestNG.java:77)
]]>
            </full-stacktrace>
          </exception> <!-- org.openqa.selenium.NoSuchElementException -->
          <reporter-output>
          </reporter-output>
        </test-method> <!-- createChart -->
        <test-method status="PASS" signature="finish()[pri:0, instance:seleniumBootCampTestNG.S20_46_CreateChart@6a1aab78]" name="finish" is-config="true" duration-ms="313" started-at="2021-01-12T22:38:20 IST" finished-at="2021-01-12T22:38:21 IST">
          <reporter-output>
          </reporter-output>
        </test-method> <!-- finish -->
        <test-method status="PASS" signature="afterclass()[pri:0, instance:seleniumBootCampTestNG.S20_46_CreateChart@6a1aab78]" name="afterclass" is-config="true" duration-ms="0" started-at="2021-01-12T22:38:21 IST" finished-at="2021-01-12T22:38:21 IST">
          <reporter-output>
          </reporter-output>
        </test-method> <!-- afterclass -->
        <test-method status="PASS" signature="afterTest()[pri:0, instance:seleniumBootCampTestNG.S20_46_CreateChart@6a1aab78]" name="afterTest" is-config="true" duration-ms="1" started-at="2021-01-12T22:40:46 IST" finished-at="2021-01-12T22:40:46 IST">
          <reporter-output>
          </reporter-output>
        </test-method> <!-- afterTest -->
        <test-method status="PASS" signature="aftersuite()[pri:0, instance:seleniumBootCampTestNG.S20_46_CreateChart@6a1aab78]" name="aftersuite" is-config="true" duration-ms="1" started-at="2021-01-12T22:40:46 IST" finished-at="2021-01-12T22:40:46 IST">
          <reporter-output>
          </reporter-output>
        </test-method> <!-- aftersuite -->
      </class> <!-- seleniumBootCampTestNG.S20_46_CreateChart -->
      <class name="seleniumBootCampTestNG.S20_2_CreateOpportunity">
        <test-method status="PASS" signature="beforesuite()[pri:0, instance:seleniumBootCampTestNG.S20_2_CreateOpportunity@74ad1f1f]" name="beforesuite" is-config="true" duration-ms="0" started-at="2021-01-12T22:30:42 IST" finished-at="2021-01-12T22:30:42 IST">
          <reporter-output>
          </reporter-output>
        </test-method> <!-- beforesuite -->
        <test-method status="PASS" signature="beforeTest()[pri:0, instance:seleniumBootCampTestNG.S20_2_CreateOpportunity@74ad1f1f]" name="beforeTest" is-config="true" duration-ms="1" started-at="2021-01-12T22:30:42 IST" finished-at="2021-01-12T22:30:42 IST">
          <reporter-output>
          </reporter-output>
        </test-method> <!-- beforeTest -->
        <test-method status="PASS" signature="beforeClass()[pri:0, instance:seleniumBootCampTestNG.S20_2_CreateOpportunity@74ad1f1f]" name="beforeClass" is-config="true" duration-ms="1" started-at="2021-01-12T22:34:19 IST" finished-at="2021-01-12T22:34:19 IST">
          <reporter-output>
          </reporter-output>
        </test-method> <!-- beforeClass -->
        <test-method status="PASS" signature="start(java.lang.String)[pri:0, instance:seleniumBootCampTestNG.S20_2_CreateOpportunity@74ad1f1f]" name="start" is-config="true" duration-ms="2239" started-at="2021-01-12T22:34:19 IST" finished-at="2021-01-12T22:34:21 IST">
          <params>
            <param index="0">
              <value>
                <![CDATA[chrome]]>
              </value>
            </param>
          </params>
          <reporter-output>
          </reporter-output>
        </test-method> <!-- start -->
        <test-method status="PASS" signature="createOpportunity()[pri:0, instance:seleniumBootCampTestNG.S20_2_CreateOpportunity@74ad1f1f]" name="createOpportunity" duration-ms="73720" started-at="2021-01-12T22:34:21 IST" finished-at="2021-01-12T22:35:35 IST">
          <reporter-output>
          </reporter-output>
        </test-method> <!-- createOpportunity -->
        <test-method status="PASS" signature="finish()[pri:0, instance:seleniumBootCampTestNG.S20_2_CreateOpportunity@74ad1f1f]" name="finish" is-config="true" duration-ms="366" started-at="2021-01-12T22:35:35 IST" finished-at="2021-01-12T22:35:35 IST">
          <reporter-output>
          </reporter-output>
        </test-method> <!-- finish -->
        <test-method status="PASS" signature="afterclass()[pri:0, instance:seleniumBootCampTestNG.S20_2_CreateOpportunity@74ad1f1f]" name="afterclass" is-config="true" duration-ms="0" started-at="2021-01-12T22:35:35 IST" finished-at="2021-01-12T22:35:35 IST">
          <reporter-output>
          </reporter-output>
        </test-method> <!-- afterclass -->
        <test-method status="PASS" signature="afterTest()[pri:0, instance:seleniumBootCampTestNG.S20_2_CreateOpportunity@74ad1f1f]" name="afterTest" is-config="true" duration-ms="0" started-at="2021-01-12T22:40:46 IST" finished-at="2021-01-12T22:40:46 IST">
          <reporter-output>
          </reporter-output>
        </test-method> <!-- afterTest -->
        <test-method status="PASS" signature="aftersuite()[pri:0, instance:seleniumBootCampTestNG.S20_2_CreateOpportunity@74ad1f1f]" name="aftersuite" is-config="true" duration-ms="0" started-at="2021-01-12T22:40:46 IST" finished-at="2021-01-12T22:40:46 IST">
          <reporter-output>
          </reporter-output>
        </test-method> <!-- aftersuite -->
      </class> <!-- seleniumBootCampTestNG.S20_2_CreateOpportunity -->
      <class name="seleniumBootCampTestNG.S20_30_EditTask">
        <test-method status="PASS" signature="beforesuite()[pri:0, instance:seleniumBootCampTestNG.S20_30_EditTask@1b26f7b2]" name="beforesuite" is-config="true" duration-ms="0" started-at="2021-01-12T22:30:42 IST" finished-at="2021-01-12T22:30:42 IST">
          <reporter-output>
          </reporter-output>
        </test-method> <!-- beforesuite -->
        <test-method status="PASS" signature="beforeTest()[pri:0, instance:seleniumBootCampTestNG.S20_30_EditTask@1b26f7b2]" name="beforeTest" is-config="true" duration-ms="0" started-at="2021-01-12T22:30:42 IST" finished-at="2021-01-12T22:30:42 IST">
          <reporter-output>
          </reporter-output>
        </test-method> <!-- beforeTest -->
        <test-method status="PASS" signature="beforeClass()[pri:0, instance:seleniumBootCampTestNG.S20_30_EditTask@1b26f7b2]" name="beforeClass" is-config="true" duration-ms="1" started-at="2021-01-12T22:38:21 IST" finished-at="2021-01-12T22:38:21 IST">
          <reporter-output>
          </reporter-output>
        </test-method> <!-- beforeClass -->
        <test-method status="PASS" signature="start(java.lang.String)[pri:0, instance:seleniumBootCampTestNG.S20_30_EditTask@1b26f7b2]" name="start" is-config="true" duration-ms="2497" started-at="2021-01-12T22:38:21 IST" finished-at="2021-01-12T22:38:23 IST">
          <params>
            <param index="0">
              <value>
                <![CDATA[chrome]]>
              </value>
            </param>
          </params>
          <reporter-output>
          </reporter-output>
        </test-method> <!-- start -->
        <test-method status="PASS" signature="editTask()[pri:0, instance:seleniumBootCampTestNG.S20_30_EditTask@1b26f7b2]" name="editTask" duration-ms="73814" started-at="2021-01-12T22:38:23 IST" depends-on-methods="seleniumBootCampTestNG.S20_29_CreateTask.createTask" finished-at="2021-01-12T22:39:37 IST">
          <reporter-output>
          </reporter-output>
        </test-method> <!-- editTask -->
        <test-method status="PASS" signature="finish()[pri:0, instance:seleniumBootCampTestNG.S20_30_EditTask@1b26f7b2]" name="finish" is-config="true" duration-ms="357" started-at="2021-01-12T22:39:37 IST" finished-at="2021-01-12T22:39:37 IST">
          <reporter-output>
          </reporter-output>
        </test-method> <!-- finish -->
        <test-method status="PASS" signature="afterclass()[pri:0, instance:seleniumBootCampTestNG.S20_30_EditTask@1b26f7b2]" name="afterclass" is-config="true" duration-ms="1" started-at="2021-01-12T22:39:37 IST" finished-at="2021-01-12T22:39:37 IST">
          <reporter-output>
          </reporter-output>
        </test-method> <!-- afterclass -->
        <test-method status="PASS" signature="afterTest()[pri:0, instance:seleniumBootCampTestNG.S20_30_EditTask@1b26f7b2]" name="afterTest" is-config="true" duration-ms="0" started-at="2021-01-12T22:40:46 IST" finished-at="2021-01-12T22:40:46 IST">
          <reporter-output>
          </reporter-output>
        </test-method> <!-- afterTest -->
        <test-method status="PASS" signature="aftersuite()[pri:0, instance:seleniumBootCampTestNG.S20_30_EditTask@1b26f7b2]" name="aftersuite" is-config="true" duration-ms="0" started-at="2021-01-12T22:40:46 IST" finished-at="2021-01-12T22:40:46 IST">
          <reporter-output>
          </reporter-output>
        </test-method> <!-- aftersuite -->
      </class> <!-- seleniumBootCampTestNG.S20_30_EditTask -->
    </test> <!-- Test -->
  </suite> <!-- Suite -->
</testng-results>
